 
****************************************
Report : area
Design : SYS_TOP
Version: K-2015.06
Date   : Thu Sep 21 06:57:37 2023
****************************************

Library(s) Used:

    scmetro_tsmc_cl013g_rvt_ss_1p08v_125c (File: /home/IC/tsmc_fb_cl013g_sc/aci/sc-m/synopsys/scmetro_tsmc_cl013g_rvt_ss_1p08v_125c.db)

Number of ports:                          760
Number of nets:                          2715
Number of cells:                         1931
Number of combinational cells:           1527
Number of sequential cells:               364
Number of macros/black boxes:               0
Number of buf/inv:                        291
Number of references:                      17

Combinational area:              14554.602543
Buf/Inv area:                     1117.865024
Noncombinational area:            9058.236515
Macro/Black Box area:                0.000000
Net Interconnect area:      undefined  (No wire load specified)

Total cell area:                 23612.839058
Total area:                 undefined

Hierarchical area distribution
------------------------------

                                  Global cell area            Local cell area
                                  -------------------  ----------------------------- 
Hierarchical cell                 Absolute    Percent  Combi-      Noncombi-  Black-
                                  Total       Total    national    national   boxes   Design
--------------------------------  ----------  -------  ----------  ---------  ------  ----------------------------------
SYS_TOP                           23612.8391    100.0     23.5340     0.0000  0.0000  SYS_TOP
ALU_CLK_GATE                         40.0078      0.2      0.0000    40.0078  0.0000  CLK_GATE
BUSY_PULSE_GEN                       57.6583      0.2      5.8835    51.7748  0.0000  PULSE_GEN
EMPTY_INV                             3.5301      0.0      3.5301     0.0000  0.0000  INV
RST_SYNC_1                           57.6583      0.2      5.8835    51.7748  0.0000  RST_SYNC_0
RST_SYNC_2                           57.6583      0.2      5.8835    51.7748  0.0000  RST_SYNC_2
RST_SYNC_3                           57.6583      0.2      5.8835    51.7748  0.0000  RST_SYNC_1
RX_CLKDIV_MUX                        88.2525      0.4     88.2525     0.0000  0.0000  CLKDIV_MUX
RX_ClkDiv                           733.0841      3.1    407.1382   234.1633  0.0000  ClkDiv_1
RX_ClkDiv/r73                        91.7826      0.4     91.7826     0.0000  0.0000  ClkDiv_1_DW01_inc_0
TX_ClkDiv                           733.0841      3.1    407.1382   234.1633  0.0000  ClkDiv_0
TX_ClkDiv/r73                        91.7826      0.4     91.7826     0.0000  0.0000  ClkDiv_0_DW01_inc_0
U0_ALU                             6818.9766     28.9   1163.7563   440.0858  0.0000  ALU
U0_ALU/add_43                       244.7536      1.0    244.7536     0.0000  0.0000  ALU_DW01_add_0
U0_ALU/div_52                      2548.7322     10.8   2548.7322     0.0000  0.0000  ALU_DW_div_uns_1
U0_ALU/mult_49                     2155.7144      9.1   1914.4909     0.0000  0.0000  ALU_DW02_mult_0
U0_ALU/mult_49/FS_1                 241.2235      1.0    241.2235     0.0000  0.0000  ALU_DW01_add_1
U0_ALU/sub_46                       265.9342      1.1    265.9342     0.0000  0.0000  ALU_DW01_sub_0
U0_ASYNC_FIFO                      3964.3023     16.8      7.0602     0.0000  0.0000  ASYNC_FIFO
U0_ASYNC_FIFO/RD_WR_DF_SYNC         235.3400      1.0      0.0000   235.3400  0.0000  DF_SYNC_PTR_WD4_0
U0_ASYNC_FIFO/U0_FIFO_MEM          2895.8587     12.3   1239.0651  1656.7936  0.0000  FIFO_MEM_PTR_WD4_DATA_WD8_FIFO_DP8
U0_ASYNC_FIFO/U0_FIFO_RD            288.2915      1.2    184.7419   103.5496  0.0000  FIFO_RD_PTR_WD4
U0_ASYNC_FIFO/U0_FIFO_WR            302.4119      1.3    198.8623   103.5496  0.0000  FIFO_WR_PTR_WD4
U0_ASYNC_FIFO/WR_RD_DF_SYNC         235.3400      1.0      0.0000   235.3400  0.0000  DF_SYNC_PTR_WD4_1
U0_DATA_SYNC                        395.3712      1.7     84.7224   310.6488  0.0000  DATA_SYNC_NUM_STAGES2_BUS_WIDTH8
U0_REGFILE                         6187.0886     26.2   2581.6799  3605.4088  0.0000  REGFILE
U0_SYS_CTRL                         840.1638      3.6    628.3578   211.8060  0.0000  SYS_CTRL
U0_UART                            3554.8107     15.1      7.0602     0.0000  0.0000  UART
U0_UART/U0_UART_RX                 2316.9223      9.8      7.0602     0.0000  0.0000  UART_RX
U0_UART/U0_UART_RX/Parity_Check_Instance
                                    145.9108      0.6    110.6098    35.3010  0.0000  Parity_Check
U0_UART/U0_UART_RX/Start_Check_Instance
                                      5.8835      0.0      5.8835     0.0000  0.0000  Start_Check
U0_UART/U0_UART_RX/Stop_Check_Instance
                                     47.0680      0.2     11.7670    35.3010  0.0000  Stop_Check
U0_UART/U0_UART_RX/UART_RX_FSM_Instance
                                    404.7848      1.7    327.1226    77.6622  0.0000  UART_RX_FSM
U0_UART/U0_UART_RX/data_sampling_Instance
                                    569.5228      2.4    443.6159   125.9069  0.0000  data_sampling
U0_UART/U0_UART_RX/deserializer_Instance
                                    547.1655      2.3    262.4041   284.7614  0.0000  deserializer
U0_UART/U0_UART_RX/edge_bit_counter_Instance
                                    589.5267      2.5    356.5401   232.9866  0.0000  edge_bit_counter
U0_UART/U0_UART_TX                 1230.8282      5.2      7.0602     0.0000  0.0000  UART_TX
U0_UART/U0_UART_TX/Parity_Calc_Instance
                                    388.3110      1.6    181.2118   207.0992  0.0000  Parity_Calc
U0_UART/U0_UART_TX/Serializer_Instance
                                    629.5345      2.7    265.9342   363.6003  0.0000  Serializer
U0_UART/U0_UART_TX/UART_FSM_Instance
                                    163.5613      0.7     85.8991    77.6622  0.0000  UART_FSM
U0_UART/U0_UART_TX/UART_MUX_Instance
                                     42.3612      0.2     42.3612     0.0000  0.0000  UART_MUX
--------------------------------  ----------  -------  ----------  ---------  ------  ----------------------------------
Total                                                  14554.6025  9058.2365  0.0000

1
