 
****************************************
Report : clocks
Design : SYS_TOP
Version: K-2015.06
Date   : Thu Sep 21 06:57:38 2023
****************************************

Attributes:
    d - dont_touch_network
    f - fix_hold
    p - propagated_clock
    G - generated_clock
    g - lib_generated_clock

Clock          Period   Waveform            Attrs     Sources
--------------------------------------------------------------------------------
ALU_CLK         10.00   {0 5}               G         {ALU_CLK_GATE/GATED_CLK}
REF_CLK         10.00   {0 5}               d         {REF_CLK}
RX_CLK         271.30   {0 135.65}          G         {RX_ClkDiv/o_div_clk}
TX_CLK        8681.60   {0 4340.8}          G         {TX_ClkDiv/o_div_clk}
UART_CLK       271.30   {0 135.65}          d         {UART_CLK}
--------------------------------------------------------------------------------

Generated     Master         Generated      Master         Waveform
Clock         Source         Source         Clock          Modification
--------------------------------------------------------------------------------
ALU_CLK       REF_CLK        {ALU_CLK_GATE/GATED_CLK}
                                            REF_CLK        divide_by(1)
RX_CLK        UART_CLK       {RX_ClkDiv/o_div_clk}
                                            UART_CLK       divide_by(1)
TX_CLK        UART_CLK       {TX_ClkDiv/o_div_clk}
                                            UART_CLK       divide_by(32)
--------------------------------------------------------------------------------
1
